<?xml version="1.0" encoding="UTF-8"?>
<!-- Generated by org.testng.reporters.JUnitXMLReporter -->
<testsuite ignored="0" hostname="192.168.1.5" failures="1" tests="12" name="Surefire test" time="17.018" errors="0" timestamp="23 февр. 2023 22:33:15 GMT">
  <testcase classname="TestOrder" name="createOrderNotAuthorized on createOrderNotAuthorized(TestOrder)" time="7.441"/>
  <testcase classname="TestOrder" name="createOrderAuthorized on createOrderAuthorized(TestOrder)" time="8.609"/>
  <testcase classname="TestOrder" name="createOderWithNullIngredient on createOderWithNullIngredient(TestOrder)" time="9.303"/>
  <testcase classname="TestUserEditProfile" name="userEditLoginNotAuthorized on userEditLoginNotAuthorized(TestUserEditProfile)" time="0.715"/>
  <testcase classname="TestUserEditProfile" name="userEditAuthorized on userEditAuthorized(TestUserEditProfile)" time="1.44"/>
  <testcase classname="TestUserEditProfile" name="userEditNameNotAuthorized on userEditNameNotAuthorized(TestUserEditProfile)" time="2.25"/>
  <testcase classname="TestUserEditProfile" name="userEditNameAuthorized on userEditNameAuthorized(TestUserEditProfile)" time="3.523">
    <failure type="java.lang.AssertionError" message="1 expectation failed.
Expected status code &amp;lt;200&amp;gt; but was &amp;lt;403&amp;gt;.
">
      <![CDATA[java.lang.AssertionError: 1 expectation failed.
Expected status code <200> but was <403>.

at org.codehaus.groovy.runtime.callsite.ConstructorSite$ConstructorSiteNoUnwrap.callConstructor(ConstructorSite.java:86)
at org.codehaus.groovy.runtime.callsite.CallSiteArray.defaultCallConstructor(CallSiteArray.java:58)
at org.codehaus.groovy.runtime.callsite.AbstractCallSite.callConstructor(AbstractCallSite.java:263)
at org.codehaus.groovy.runtime.callsite.AbstractCallSite.callConstructor(AbstractCallSite.java:277)
at io.restassured.internal.ResponseSpecificationImpl$HamcrestAssertionClosure.validate(ResponseSpecificationImpl.groovy:505)
at io.restassured.internal.ResponseSpecificationImpl$HamcrestAssertionClosure$validate$1.call(Unknown Source)
at io.restassured.internal.ResponseSpecificationImpl.validateResponseIfRequired(ResponseSpecificationImpl.groovy:687)
at io.restassured.internal.ResponseSpecificationImpl.this$2$validateResponseIfRequired(ResponseSpecificationImpl.groovy)
at org.codehaus.groovy.runtime.callsite.PlainObjectMetaMethodSite.doInvoke(PlainObjectMetaMethodSite.java:43)
at org.codehaus.groovy.runtime.callsite.PogoMetaMethodSite$PogoCachedMethodSiteNoUnwrapNoCoerce.invoke(PogoMetaMethodSite.java:198)
at org.codehaus.groovy.runtime.callsite.PogoMetaMethodSite.callCurrent(PogoMetaMethodSite.java:62)
at org.codehaus.groovy.runtime.callsite.AbstractCallSite.callCurrent(AbstractCallSite.java:185)
at io.restassured.internal.ResponseSpecificationImpl.statusCode(ResponseSpecificationImpl.groovy:128)
at io.restassured.specification.ResponseSpecification$statusCode$0.callCurrent(Unknown Source)
at io.restassured.internal.ResponseSpecificationImpl.statusCode(ResponseSpecificationImpl.groovy:136)
at io.restassured.internal.ValidatableResponseOptionsImpl.statusCode(ValidatableResponseOptionsImpl.java:89)
at TestUserEditProfile.userEditNameAuthorized(TestUserEditProfile.java:48)
at org.junit.runners.model.FrameworkMethod$1.runReflectiveCall(FrameworkMethod.java:59)
at org.junit.internal.runners.model.ReflectiveCallable.run(ReflectiveCallable.java:12)
at org.junit.runners.model.FrameworkMethod.invokeExplosively(FrameworkMethod.java:56)
at org.junit.internal.runners.statements.InvokeMethod.evaluate(InvokeMethod.java:17)
at org.junit.internal.runners.statements.RunBefores.evaluate(RunBefores.java:26)
at org.junit.internal.runners.statements.RunAfters.evaluate(RunAfters.java:27)
at org.junit.runners.ParentRunner$3.evaluate(ParentRunner.java:306)
at org.junit.runners.BlockJUnit4ClassRunner$1.evaluate(BlockJUnit4ClassRunner.java:100)
at org.junit.runners.ParentRunner.runLeaf(ParentRunner.java:366)
at org.junit.runners.BlockJUnit4ClassRunner.runChild(BlockJUnit4ClassRunner.java:103)
at org.junit.runners.BlockJUnit4ClassRunner.runChild(BlockJUnit4ClassRunner.java:63)
at org.junit.runners.ParentRunner$4.run(ParentRunner.java:331)
at org.junit.runners.ParentRunner$1.schedule(ParentRunner.java:79)
at org.junit.runners.ParentRunner.runChildren(ParentRunner.java:329)
at org.junit.runners.ParentRunner.access$100(ParentRunner.java:66)
at org.junit.runners.ParentRunner$2.evaluate(ParentRunner.java:293)
at org.junit.runners.ParentRunner$3.evaluate(ParentRunner.java:306)
at org.junit.runners.ParentRunner.run(ParentRunner.java:413)
at org.junit.runner.JUnitCore.run(JUnitCore.java:137)
at org.junit.runner.JUnitCore.run(JUnitCore.java:115)
... Removed 37 stack frames]]>
    </failure>
  </testcase> <!-- userEditNameAuthorized on userEditNameAuthorized(TestUserEditProfile) -->
  <testcase classname="TestUserRegistration" name="creationSameUserFailed on creationSameUserFailed(TestUserRegistration)" time="0.978"/>
  <testcase classname="TestUserRegistration" name="userCreated on userCreated(TestUserRegistration)" time="2.05"/>
  <testcase classname="TestUserLogin" name="notLoggedInvalidEmail on notLoggedInvalidEmail(TestUserLogin)" time="0.617"/>
  <testcase classname="TestUserLogin" name="notLoggedInvalidPassword on notLoggedInvalidPassword(TestUserLogin)" time="1.199"/>
  <testcase classname="TestUserLogin" name="loggedIn on loggedIn(TestUserLogin)" time="1.773"/>
</testsuite> <!-- Surefire test -->
